2025-03-25 13:20:06,248 [INFO] AutoDBImporter.py:261 - 正在创建表 data____________...
2025-03-25 13:20:06,266 [ERROR] AutoDBImporter.py:292 - 操作失败: (pymysql.err.OperationalError) (1060, "Duplicate column name '_____'")
[SQL: CREATE TABLE IF NOT EXISTS `data____________` (
            `_____` VARCHAR(255),
            `_____` VARCHAR(255),
            `______` VARCHAR(255),
            `______` VARCHAR(255),
            `__` DOUBLE,
            `__` DATETIME,
            `________` DOUBLE,
            `________` DOUBLE,
            `______` DOUBLE,
            `_______` DOUBLE,
            `_________` DOUBLE,
            `________` DOUBLE,
            `________` DOUBLE,
            `__________` DOUBLE,
            `________` DOUBLE,
            `______` VARCHAR(255),
            `______` VARCHAR(255),
            `______` VARCHAR(255),
            `____` VARCHAR(255),
            `______` VARCHAR(255),
            `________` DATETIME,
            `________` VARCHAR(255),
            `________` DOUBLE,
            `___` DOUBLE,
            `__` DOUBLE,
            `____` VARCHAR(255),
            `______` VARCHAR(255),
            `______` VARCHAR(255),
            `______` VARCHAR(255),
            `______` VARCHAR(255),
            `______` VARCHAR(255),
            `______` DATETIME,
            `______` DATETIME,
            `______` VARCHAR(255),
            `______` DOUBLE,
            `______` VARCHAR(255),
            `______` VARCHAR(255),
            `______` DOUBLE,
            `_____` DOUBLE,
            `______` VARCHAR(255),
            `________` DOUBLE,
            `______` DOUBLE,
            `______` DOUBLE,
            `____` DOUBLE,
            `______` DOUBLE,
            `______` DOUBLE,
            `______` DOUBLE,
            `______` DOUBLE,
            `____` INT,
            `____` DOUBLE,
            `______` DOUBLE,
            `______` DOUBLE,
            `______` DOUBLE,
            `____` DOUBLE,
            `______` DOUBLE,
            `________` VARCHAR(255),
            `_______id` VARCHAR(255),
            `_________` VARCHAR(255),
            `__________` VARCHAR(255),
            `__________` VARCHAR(255),
            `_______id` VARCHAR(255),
            `_________` VARCHAR(255),
            `________` VARCHAR(255),
            `__________` VARCHAR(255),
            `_________` DOUBLE,
            `______` VARCHAR(255),
            `____` VARCHAR(255),
            `_____` DOUBLE,
            `________` DOUBLE,
            `____` DOUBLE,
            `__id` VARCHAR(255),
            `______` DOUBLE,
            `______id` VARCHAR(255),
            `__id` VARCHAR(255),
            `___id` VARCHAR(255),
            `____` DATETIME,
            `______id` VARCHAR(255),
            `____` VARCHAR(255),
            `______` VARCHAR(255),
            `____` VARCHAR(255),
            `__` VARCHAR(255),
            `__` VARCHAR(255),
            `____` DATETIME,
            `__` VARCHAR(255),
            `____` VARCHAR(255),
            `____` DOUBLE,
            `_____` DOUBLE,
            `_____` DOUBLE,
            `______` DOUBLE,
            `________` DOUBLE,
            `____` DOUBLE,
            `______` DOUBLE,
            `_____` DOUBLE,
            `________` DOUBLE,
            `____` DATETIME,
            `____` VARCHAR(255),
            `____` DOUBLE,
            `____` DOUBLE,
            `____` VARCHAR(255),
            `____` DOUBLE,
            `______` DOUBLE,
            `______` DOUBLE,
            `________` VARCHAR(255),
            `________` VARCHAR(255),
            `____` DOUBLE,
            `________` DOUBLE,
            `______` DOUBLE,
            `_______` DOUBLE,
            `____` DATETIME,
            `____` DATETIME,
            `____` VARCHAR(255),
            `______` DOUBLE,
            `______` VARCHAR(255),
            `____` DOUBLE,
            `____` DOUBLE,
            `____` DOUBLE,
            `____` DOUBLE,
            `______` VARCHAR(255),
            `________` DOUBLE,
            `________` DOUBLE,
            `__________` DOUBLE,
            `_________` DOUBLE,
            `_________` DOUBLE,
            `____` DOUBLE,
            `_____` DOUBLE,
            `_______` DOUBLE,
            `_________` DOUBLE,
            `_____________` DOUBLE,
            `___________` DOUBLE,
            `______________` DOUBLE,
            `_____________` DOUBLE,
            `_______________` DOUBLE,
            `_____________` DOUBLE,
            `_______________` DOUBLE,
            `___________` DOUBLE,
            `_________` DOUBLE,
            `_________` DOUBLE,
            `_________` DOUBLE,
            `_________` DOUBLE,
            `_________` DOUBLE,
            `____________` DOUBLE,
            `__` DOUBLE,
            `___________` DOUBLE,
            `______` DOUBLE,
            `________` DOUBLE,
            `________` DOUBLE,
            `__` DOUBLE,
            `____` VARCHAR(255),
            `____` VARCHAR(255),
            `___` DOUBLE,
            `______` DOUBLE,
            `____` DOUBLE,
            `__` DOUBLE,
            `________` VARCHAR(255),
            `_______id` VARCHAR(255),
            `_________` VARCHAR(255),
            `__________` VARCHAR(255),
            `__________` VARCHAR(255),
            `_______id` VARCHAR(255),
            `_________` VARCHAR(255),
            `________` VARCHAR(255),
            `__________` VARCHAR(255),
            `_________` DOUBLE,
            `______` DOUBLE,
            `______` DOUBLE,
            `____` DOUBLE,
            `_________` DOUBLE,
            `__________` DOUBLE,
            `import_time` TIMESTAMP DEFAULT CURRENT_TIMESTAMP
        ) ENGINE=InnoDB DEFAULT CHARSET=utf8mb4;]
(Background on this error at: https://sqlalche.me/e/20/e3q8)
2025-03-25 13:20:06,292 [ERROR] AutoDBImporter.py:302 - 数据库错误(1060): Duplicate column name '_____'
2025-03-25 13:20:06,471 [INFO] _internal.py:97 - 127.0.0.1 - - [25/Mar/2025 13:20:06] "[35m[1mPOST /api/upload HTTP/1.1[0m" 500 -
